<?xml version="1.0" encoding="UTF-8"?>
<!-- Generated by org.testng.reporters.JUnitXMLReporter -->
<testsuite hostname="DESKTOP-M9HHM5I" ignored="0" name="Default test" tests="3" failures="0" timestamp="2020-09-15T12:11:43 CDT" time="27.596" errors="0">
  <testcase name="question1" time="3.292" classname="testCases.TestNGExam"/>
  <testcase name="question2" time="0.964" classname="testCases.TestNGExam"/>
  <testcase name="question3" time="3.156" classname="testCases.TestNGExam"/>
</testsuite> <!-- Default test -->
