<?xml version="1.0" encoding="UTF-8"?>
<!-- Generated by org.testng.reporters.JUnitXMLReporter -->
<testsuite hostname="DESKTOP-M9HHM5I" ignored="0" name="TC_name_01" tests="1" failures="1" timestamp="2020-09-11T23:19:38 CDT" time="5.474" errors="0">
  <testcase name="question1" time="0.006" classname="testCases.TC_question1">
    <failure type="java.lang.NullPointerException">
      <![CDATA[java.lang.NullPointerException
at org.openqa.selenium.support.pagefactory.DefaultElementLocator.findElement(DefaultElementLocator.java:69)
at org.openqa.selenium.support.pagefactory.internal.LocatingElementHandler.invoke(LocatingElementHandler.java:38)
at com.sun.proxy.$Proxy10.sendKeys(Unknown Source)
at pageObjects.WelcomePage.setListItem(WelcomePage.java:57)
at testCases.TC_question1.addItem(TC_question1.java:30)
at testCases.TC_question1.question1(TC_question1.java:18)
at java.util.ArrayList.forEach(ArrayList.java:1257)
... Removed 27 stack frames]]>
    </failure>
  </testcase> <!-- question1 -->
</testsuite> <!-- TC_name_01 -->
