<?xml version="1.0" encoding="UTF-8"?>
<!-- Generated by org.testng.reporters.JUnitXMLReporter -->
<testsuite hostname="DESKTOP-M9HHM5I" ignored="0" name="TC_question1" tests="3" failures="0" timestamp="2020-09-18T19:47:18 CDT" time="43.701" errors="0">
  <testcase name="question1" time="7.282" classname="testCases.TestNGExam"/>
  <testcase name="question2" time="0.837" classname="testCases.TestNGExam"/>
  <testcase name="question3" time="5.68" classname="testCases.TestNGExam"/>
</testsuite> <!-- TC_question1 -->
